<?xml version="1.0" encoding="utf-8" standalone="no"?>
<test-results xmlns:xsi="http://www.w3.org/2001/XMLSchema-instance" xsi:noNamespaceSchemaLocation="nunit_schema_2.5.xsd" name="Pester" total="46" errors="0" failures="0" not-run="0" inconclusive="0" ignored="0" skipped="0" invalid="0" date="2026-03-30" time="12:55:20">
  <environment platform="Microsoft Windows 11 Pro|C:\WINDOWS|\Device\Harddisk3\Partition3" user="Paul" cwd="C:\Users\Paul\OneDrive - Paul Dash\Projects\Training\Content\PowerShell\Projects\Hyde" nunit-version="2.5.8.0" machine-name="BOB" clr-version="10.0.5" os-version="10.0.22631" user-domain="BOB" />
  <culture-info current-culture="en-US" current-uiculture="en-US" />
  <test-suite type="TestFixture" name="Pester" executed="True" result="Success" success="True" time="39.3205" asserts="0" description="Pester">
    <results>
      <test-suite type="TestFixture" name="C:\Users\Paul\OneDrive - Paul Dash\Projects\Training\Content\PowerShell\Projects\Hyde\tests\Hyde.Build.Tests.ps1" executed="True" result="Success" success="True" time="39.3205" asserts="0" description="C:\Users\Paul\OneDrive - Paul Dash\Projects\Training\Content\PowerShell\Projects\Hyde\tests\Hyde.Build.Tests.ps1">
        <results>
          <test-suite type="TestFixture" name="Hyde build pipeline" executed="True" result="Success" success="True" time="37.8364" asserts="0" description="Hyde build pipeline">
            <results>
              <test-case description="builds markdown and html pages with front matter and copies static files" name="Hyde build pipeline.builds markdown and html pages with front matter and copies static files" time="3.7135" asserts="0" success="True" result="Success" executed="True" />
              <test-case description="does not write pages marked published false" name="Hyde build pipeline.does not write pages marked published false" time="1.019" asserts="0" success="True" result="Success" executed="True" />
              <test-case description="emits verbose output for build stages" name="Hyde build pipeline.emits verbose output for build stages" time="0.5249" asserts="0" success="True" result="Success" executed="True" />
              <test-case description="supports WhatIf without writing generated output" name="Hyde build pipeline.supports WhatIf without writing generated output" time="0.411" asserts="0" success="True" result="Success" executed="True" />
              <test-case description="renders Liquid in document content by default" name="Hyde build pipeline.renders Liquid in document content by default" time="0.6394" asserts="0" success="True" result="Success" executed="True" />
              <test-case description="skips Liquid rendering when render_with_liquid is false" name="Hyde build pipeline.skips Liquid rendering when render_with_liquid is false" time="0.7586" asserts="0" success="True" result="Success" executed="True" />
              <test-case description="applies a single-level layout using Liquid objects tags and filters" name="Hyde build pipeline.applies a single-level layout using Liquid objects tags and filters" time="0.9566" asserts="0" success="True" result="Success" executed="True" />
              <test-case description="sets page.url to post path with leading slash, page.slug, and hyde.version works" name="Hyde build pipeline.sets page.url to post path with leading slash, page.slug, and hyde.version works" time="0.6218" asserts="0" success="True" result="Success" executed="True" />
              <test-case description="applies parent layouts by using the pre-parsed layout inheritance chain" name="Hyde build pipeline.applies parent layouts by using the pre-parsed layout inheritance chain" time="0.6458" asserts="0" success="True" result="Success" executed="True" />
              <test-case description="writes pages to a front matter permalink and exposes the permalink URL" name="Hyde build pipeline.writes pages to a front matter permalink and exposes the permalink URL" time="0.4838" asserts="0" success="True" result="Success" executed="True" />
              <test-case description="applies the global permalink pattern to pages while ignoring unavailable placeholders" name="Hyde build pipeline.applies the global permalink pattern to pages while ignoring unavailable placeholders" time="0.4108" asserts="0" success="True" result="Success" executed="True" />
              <test-case description="ignores page permalink values supplied through front matter defaults" name="Hyde build pipeline.ignores page permalink values supplied through front matter defaults" time="0.4604" asserts="0" success="True" result="Success" executed="True" />
              <test-case description="can populate document titles from the first markdown heading through the titles-from-headings plugin" name="Hyde build pipeline.can populate document titles from the first markdown heading through the titles-from-headings plugin" time="0.6549" asserts="0" success="True" result="Success" executed="True" />
              <test-case description="discovers configured collections and writes output when the collection enables output" name="Hyde build pipeline.discovers configured collections and writes output when the collection enables output" time="0.6841" asserts="0" success="True" result="Success" executed="True" />
              <test-case description="does not write collection documents when the collection output setting is false" name="Hyde build pipeline.does not write collection documents when the collection output setting is false" time="0.4263" asserts="0" success="True" result="Success" executed="True" />
              <test-case description="applies exclude rules to collection documents including source-prefixed paths" name="Hyde build pipeline.applies exclude rules to collection documents including source-prefixed paths" time="0.3343" asserts="0" success="True" result="Success" executed="True" />
              <test-case description="exposes prepared collection titles to Liquid loops before the collection documents are rendered" name="Hyde build pipeline.exposes prepared collection titles to Liquid loops before the collection documents are rendered" time="0.6995" asserts="0" success="True" result="Success" executed="True" />
              <test-case description="writes collection documents to a collection permalink that uses the semantic title slug" name="Hyde build pipeline.writes collection documents to a collection permalink that uses the semantic title slug" time="0.4606" asserts="0" success="True" result="Success" executed="True" />
              <test-case description="discovers dated posts, sorts site.posts, and applies the default post permalink workflow" name="Hyde build pipeline.discovers dated posts, sorts site.posts, and applies the default post permalink workflow" time="0.903" asserts="0" success="True" result="Success" executed="True" />
              <test-case description="supports page.previous and page.next in post contexts" name="Hyde build pipeline.supports page.previous and page.next in post contexts" time="0.637" asserts="0" success="True" result="Success" executed="True" />
              <test-case description="paginates posts for an HTML index page and exposes the Jekyll paginator object" name="Hyde build pipeline.paginates posts for an HTML index page and exposes the Jekyll paginator object" time="4.6957" asserts="0" success="True" result="Success" executed="True" />
              <test-case description="paginates a subdirectory index page by nesting paginate_path under that page path" name="Hyde build pipeline.paginates a subdirectory index page by nesting paginate_path under that page path" time="1.8819" asserts="0" success="True" result="Success" executed="True" />
              <test-case description="does not paginate markdown index pages because pagination only applies to HTML index files" name="Hyde build pipeline.does not paginate markdown index pages because pagination only applies to HTML index files" time="0.7091" asserts="0" success="True" result="Success" executed="True" />
              <test-case description="supports Jekyll built-in post permalink styles ordinal weekdate and none" name="Hyde build pipeline.supports Jekyll built-in post permalink styles ordinal weekdate and none" time="0.9824" asserts="0" success="True" result="Success" executed="True" />
              <test-case description="supports expanded Jekyll permalink placeholders for posts and collections" name="Hyde build pipeline.supports expanded Jekyll permalink placeholders for posts and collections" time="0.6401" asserts="0" success="True" result="Success" executed="True" />
              <test-case description="filters future posts unless future is enabled" name="Hyde build pipeline.filters future posts unless future is enabled" time="0.2525" asserts="0" success="True" result="Success" executed="True" />
              <test-case description="can publish drafts from _drafts when show_drafts is enabled" name="Hyde build pipeline.can publish drafts from _drafts when show_drafts is enabled" time="0.3389" asserts="0" success="True" result="Success" executed="True" />
              <test-case description="matches Jekyll-style tag and category behavior for posts" name="Hyde build pipeline.matches Jekyll-style tag and category behavior for posts" time="0.6368" asserts="0" success="True" result="Success" executed="True" />
              <test-case description="renders Jekyll includes from the includes directory" name="Hyde build pipeline.renders Jekyll includes from the includes directory" time="0.3736" asserts="0" success="True" result="Success" executed="True" />
              <test-case description="renders include_relative from within a post and keeps it inside the matching _posts tree" name="Hyde build pipeline.renders include_relative from within a post and keeps it inside the matching _posts tree" time="0.4072" asserts="0" success="True" result="Success" executed="True" />
              <test-case description="rejects include_relative paths that resolve outside the post _posts tree" name="Hyde build pipeline.rejects include_relative paths that resolve outside the post _posts tree" time="0.6169" asserts="0" success="True" result="Success" executed="True" />
              <test-case description="rejects include_relative from non-post documents" name="Hyde build pipeline.rejects include_relative from non-post documents" time="0.292" asserts="0" success="True" result="Success" executed="True" />
              <test-case description="loads the built-in seo plugin and renders title description and canonical tags" name="Hyde build pipeline.loads the built-in seo plugin and renders title description and canonical tags" time="0.413" asserts="0" success="True" result="Success" executed="True" />
              <test-case description="loads a plugin that changes document output paths" name="Hyde build pipeline.loads a plugin that changes document output paths" time="0.3109" asserts="0" success="True" result="Success" executed="True" />
              <test-case description="translates jekyll-prefixed plugin names to matching Hyde plugin files" name="Hyde build pipeline.translates jekyll-prefixed plugin names to matching Hyde plugin files" time="0.3143" asserts="0" success="True" result="Success" executed="True" />
              <test-case description="renders Liquid for loops against site data" name="Hyde build pipeline.renders Liquid for loops against site data" time="0.3225" asserts="0" success="True" result="Success" executed="True" />
              <test-case description="loads recursive _data folders into nested site.data paths" name="Hyde build pipeline.loads recursive _data folders into nested site.data paths" time="0.3202" asserts="0" success="True" result="Success" executed="True" />
              <test-case description="loads JSON CSV and TSV data files into site.data" name="Hyde build pipeline.loads JSON CSV and TSV data files into site.data" time="0.3469" asserts="0" success="True" result="Success" executed="True" />
              <test-case description="reports collisions between nested _data namespaces and existing data keys" name="Hyde build pipeline.reports collisions between nested _data namespaces and existing data keys" time="0.1708" asserts="0" success="True" result="Success" executed="True" />
              <test-case description="reports invalid YAML in _data files with the failing file path" name="Hyde build pipeline.reports invalid YAML in _data files with the failing file path" time="0.169" asserts="0" success="True" result="Success" executed="True" />
              <test-case description="reports invalid JSON in _data files with the failing file path" name="Hyde build pipeline.reports invalid JSON in _data files with the failing file path" time="0.1613" asserts="0" success="True" result="Success" executed="True" />
              <test-case description="applies front matter defaults by path and page type while allowing explicit front matter to win" name="Hyde build pipeline.applies front matter defaults by path and page type while allowing explicit front matter to win" time="0.5353" asserts="0" success="True" result="Success" executed="True" />
              <test-case description="applies front matter defaults to static file metadata" name="Hyde build pipeline.applies front matter defaults to static file metadata" time="0.255" asserts="0" success="True" result="Success" executed="True" />
              <test-case description="reports invalid site configuration with context" name="Hyde build pipeline.reports invalid site configuration with context" time="0.1183" asserts="0" success="True" result="Success" executed="True" />
              <test-case description="reports invalid front matter with document context" name="Hyde build pipeline.reports invalid front matter with document context" time="0.1764" asserts="0" success="True" result="Success" executed="True" />
              <test-case description="reports invalid published values with document context" name="Hyde build pipeline.reports invalid published values with document context" time="0.1873" asserts="0" success="True" result="Success" executed="True" />
            </results>
          </test-suite>
        </results>
      </test-suite>
    </results>
  </test-suite>
</test-results>